<?xml version="1.0" encoding="UTF-8"?>
<!-- Generated by org.testng.reporters.JUnitReportReporter -->
<testsuite hostname="MacBook-Pro.local" failures="0" tests="2" name="qaclickacademy.RestAPITest" time="0.004" errors="0" timestamp="14 May 2018 03:52:48 GMT" skipped="0">
  <testcase classname="qaclickacademy.RestAPITest" name="deleteTwitter" time="0.002"/>
  <testcase classname="qaclickacademy.RestAPITest" name="PostJira" time="0.002"/>
</testsuite> <!-- qaclickacademy.RestAPITest -->
