<?xml version="1.0" encoding="UTF-8"?>
<!-- Generated by org.testng.reporters.JUnitReportReporter -->
<testsuite hostname="MacBook-Pro.local" failures="0" tests="1" name="qaclickacademy.face_book" time="13.941" errors="0" timestamp="14 May 2018 03:40:03 GMT" skipped="0">
  <testcase classname="qaclickacademy.face_book" name="face_book_login" time="13.941"/>
</testsuite> <!-- qaclickacademy.face_book -->
