<?xml version="1.0" encoding="UTF-8"?>
<!-- Generated by org.testng.reporters.JUnitReportReporter -->
<testsuite hostname="MacBook-Pro.local" failures="0" tests="2" name="qaclickacademy.SeleniumTest" time="0.009" errors="0" timestamp="14 May 2018 03:30:41 GMT" skipped="0">
  <testcase classname="qaclickacademy.SeleniumTest" name="elementsUi" time="0.002"/>
  <testcase classname="qaclickacademy.SeleniumTest" name="BrowserAutomation" time="0.007"/>
</testsuite> <!-- qaclickacademy.SeleniumTest -->
