<?xml version="1.0" encoding="UTF-8"?>
<!-- Generated by org.testng.reporters.JUnitReportReporter -->
<testsuite hostname="MacBook-Pro.local" failures="0" tests="2" name="qaclickacademy.AppiumTest" time="0.003" errors="0" timestamp="14 May 2018 03:52:48 GMT" skipped="0">
  <testcase classname="qaclickacademy.AppiumTest" name="IOSApps" time="0.001"/>
  <testcase classname="qaclickacademy.AppiumTest" name="NativeAppAndriod" time="0.002"/>
</testsuite> <!-- qaclickacademy.AppiumTest -->
