<?xml version="1.0" encoding="UTF-8"?>
<!-- Generated by org.testng.reporters.JUnitReportReporter -->
<testsuite hostname="MacBook-Pro.local" failures="0" tests="2" name="qaclickacademy.RestAPITest" time="0.062" errors="0" timestamp="13 May 2018 18:53:56 GMT" skipped="0">
  <testcase classname="qaclickacademy.RestAPITest" name="PostJira" time="0.060"/>
  <testcase classname="qaclickacademy.RestAPITest" name="deleteTwitter" time="0.002"/>
</testsuite> <!-- qaclickacademy.RestAPITest -->
